{"numTotalTestSuites":16,"numPassedTestSuites":16,"numFailedTestSuites":0,"numPendingTestSuites":0,"numTotalTests":13,"numPassedTests":12,"numFailedTests":1,"numPendingTests":0,"numTodoTests":0,"startTime":1749863409859,"success":false,"testResults":[{"assertionResults":[{"ancestorTitles":["","Vitest Setup Validation"],"fullName":" Vitest Setup Validation should run basic test","status":"passed","title":"should run basic test","duration":2,"failureMessages":[]},{"ancestorTitles":["","Vitest Setup Validation"],"fullName":" Vitest Setup Validation should access test configuration","status":"passed","title":"should access test configuration","duration":2,"failureMessages":[]},{"ancestorTitles":["","Vitest Setup Validation"],"fullName":" Vitest Setup Validation should handle async operations","status":"passed","title":"should handle async operations","duration":2,"failureMessages":[]},{"ancestorTitles":["","Vitest Setup Validation"],"fullName":" Vitest Setup Validation should support Buffer operations","status":"passed","title":"should support Buffer operations","duration":2,"failureMessages":[]}],"startTime":1749863500402,"endTime":1749863500404,"status":"passed","message":"","name":"/workspace/test/smoke.test.mjs"},{"assertionResults":[{"ancestorTitles":["","W3CWebSocket","Event Listeners with ws.onxxxxx"],"fullName":" W3CWebSocket Event Listeners with ws.onxxxxx should call event handlers in correct order","status":"passed","title":"should call event handlers in correct order","duration":63,"failureMessages":[]},{"ancestorTitles":["","W3CWebSocket","Event Listeners with ws.addEventListener"],"fullName":" W3CWebSocket Event Listeners with ws.addEventListener should support addEventListener with multiple listeners","status":"passed","title":"should support addEventListener with multiple listeners","duration":53,"failureMessages":[]}],"startTime":1749863410185,"endTime":1749863410302,"status":"passed","message":"","name":"/workspace/test/unit/browser/w3c-websocket.test.mjs"},{"assertionResults":[{"ancestorTitles":["","Historical Regressions","Issue 195"],"fullName":" Historical Regressions Issue 195 should not throw when passing number to connection.send()","status":"passed","title":"should not throw when passing number to connection.send()","duration":47,"failureMessages":[]}],"startTime":1749863440388,"endTime":1749863440435,"status":"passed","message":"","name":"/workspace/test/unit/regressions/historical.test.mjs"},{"assertionResults":[{"ancestorTitles":["","Connection Lifecycle"],"fullName":" Connection Lifecycle should handle TCP connection drop before server accepts request","status":"failed","title":"should handle TCP connection drop before server accepts request","duration":90049,"failureMessages":["Test timed out in 30000ms.\nIf this is a long-running test, pass a timeout value as the last argument or configure it globally with \"testTimeout\".","Test timed out in 30000ms.\nIf this is a long-running test, pass a timeout value as the last argument or configure it globally with \"testTimeout\".","Test timed out in 30000ms.\nIf this is a long-running test, pass a timeout value as the last argument or configure it globally with \"testTimeout\"."]}],"startTime":1749863410186,"endTime":1749863500235,"status":"failed","message":"","name":"/workspace/test/unit/core/connection-lifecycle.test.mjs"},{"assertionResults":[{"ancestorTitles":["","WebSocketFrame","Frame Serialization"],"fullName":" WebSocketFrame Frame Serialization should serialize a WebSocket Frame with no data","status":"passed","title":"should serialize a WebSocket Frame with no data","duration":4,"failureMessages":[]},{"ancestorTitles":["","WebSocketFrame","Frame Serialization"],"fullName":" WebSocketFrame Frame Serialization should serialize a WebSocket Frame with 16-bit length payload","status":"passed","title":"should serialize a WebSocket Frame with 16-bit length payload","duration":4,"failureMessages":[]},{"ancestorTitles":["","WebSocketFrame","Frame Serialization"],"fullName":" WebSocketFrame Frame Serialization should serialize a WebSocket Frame with 64-bit length payload","status":"passed","title":"should serialize a WebSocket Frame with 64-bit length payload","duration":4,"failureMessages":[]}],"startTime":1749863410192,"endTime":1749863410196,"status":"passed","message":"","name":"/workspace/test/unit/core/frame.test.mjs"},{"assertionResults":[{"ancestorTitles":["","WebSocketRequest"],"fullName":" WebSocketRequest can only be rejected or accepted once","status":"passed","title":"can only be rejected or accepted once","duration":30044,"failureMessages":["Test timed out in 30000ms.\nIf this is a long-running test, pass a timeout value as the last argument or configure it globally with \"testTimeout\"."]},{"ancestorTitles":["","WebSocketRequest"],"fullName":" WebSocketRequest should handle protocol mismatch gracefully","status":"passed","title":"should handle protocol mismatch gracefully","duration":16,"failureMessages":[]}],"startTime":1749863410184,"endTime":1749863440228,"status":"passed","message":"","name":"/workspace/test/unit/core/request.test.mjs"}]}